<?xml version="1.0" encoding="UTF-8"?>
<!-- Generated by org.testng.reporters.JUnitReportReporter -->
<testsuite skipped="0" hostname="DESKTOP-LDCJVTE" name="com.crm.qa.testcases.JustATest" tests="1" failures="0" timestamp="2021-06-09T19:08:42 EDT" time="0.004" errors="0">
  <testcase name="test" time="0.004" classname="com.crm.qa.testcases.JustATest"/>
  <system-out/>
</testsuite> <!-- com.crm.qa.testcases.JustATest -->
